<?xml version="1.0" encoding="UTF-8"?>
<!-- Generated by org.testng.reporters.JUnitReportReporter -->
<testsuite hostname="LT-VK" failures="0" tests="1" name="RegisterTest" time="1.901" errors="0" timestamp="2024-07-18T19:26:39 NZST" skipped="0">
  <testcase classname="RegisterTest" name="register" time="1.901"/>
  <system-out/>
</testsuite> <!-- RegisterTest -->
